<?xml version="1.0" encoding="UTF-8"?><testsuite errors="0" failures="0" hostname="127.0.0.1" name="test.specs.util.UtilityTest" package="test.specs.util.UtilityTest" skipped="0" tests="2" time="0.017" timestamp="2013-12-20T16:52:03"><properties><property name="installkit" value=""/><property name="rootdir" value="/Users/lmajano/Sites/websites/bugs.ortussolutions.com/www"/><property name="serialnumber" value="0"/><property name="productlevel" value="os"/><property name="appserver" value=""/><property name="productname" value="Railo"/><property name="expiration" value="{ts '2037-12-31 15:00:00'}"/><property name="supportedlocales" value="malay (malaysia),arabic (qatar),icelandic (iceland),finnish (finland),polish,english (malta),italian (switzerland),dutch (belgium),arabic (saudi arabia),arabic (iraq),spanish (puerto rico),spanish (chile),finnish,german (austria),danish,english (united kingdom),spanish (panama),serbian,arabic (yemen),macedonian (macedonia),macedonian,english (canada),vietnamese (vietnam),dutch (netherlands),spanish (united states),chinese (china),spanish (honduras),english (united states),french,thai,arabic,arabic (morocco),latvian,german,indonesian (indonesia),croatian,english (south africa),korean (south korea),arabic (tunisia),indonesian,japanese,serbian (serbia),belarusian (belarus),chinese (taiwan),arabic (sudan),portuguese,icelandic,ja_JP_JP_#u-ca-japanese,spanish (bolivia),arabic (algeria),malay,spanish (argentina),arabic (united arab emirates),french (canada),slovenian,spanish,lithuanian (lithuania),sr_ME_#Latn,arabic (syria),russian (russia),french (belgium),spanish (spain),bulgarian,hebrew (israel),swedish,english,hebrew,danish (denmark),spanish (costa rica),chinese (hong kong),chinese,catalan (spain),thai (thailand),ukrainian (ukraine),spanish (dominican republic),spanish (venezuela),polish (poland),arabic (libya),arabic (jordan),italian,ukrainian,hungarian (hungary),irish,spanish (guatemala),spanish (paraguay),bulgarian (bulgaria),croatian (croatia),sr_BA_#Latn,romanian (romania),french (luxembourg),norwegian,lithuanian,english (singapore),spanish (ecuador),serbian (bosnia and herzegovina),spanish (nicaragua),slovak,russian,maltese,spanish (el salvador),dutch,hindi (india),estonian,greek (greece),slovenian (slovenia),italian (italy),japanese (japan),german (luxembourg),french (switzerland),maltese (malta),arabic (bahrain),albanian,vietnamese,serbian (montenegro),portuguese (brazil),norwegian (norway),greek,german (switzerland),chinese (singapore),arabic (kuwait),arabic (egypt),irish (ireland),spanish (peru),czech (czech republic),turkish (turkey),czech,spanish (uruguay),english (ireland),english (india),arabic (oman),serbian (serbia and montenegro),catalan,belarusian,serbian (latin),korean,albanian (albania),portuguese (portugal),latvian (latvia),sr_RS_#Latn,slovak (slovakia),spanish (mexico),english (australia),no_NO_NY,english (new zealand),swedish (sweden),romanian,arabic (lebanon),german (germany),th_TH_TH_#u-nu-thai,turkish,spanish (colombia),english (philippines),estonian (estonia),greek (cyprus),hungarian,french (france)"/><property name="productversion" value="10,0,0,0"/><property name="version" value="10.9.1"/><property name="buildnumber" value=""/><property name="additionalinformation" value=""/><property name="archmodel" value="64"/><property name="name" value="Mac OS X"/><property name="macaddress" value="20-C9-D0-43-AA-BF"/><property name="arch" value="x86_64"/><property name="loaderversion" value="4.2"/><property name="version" value="4.1.2.001"/><property name="loaderpath" value="/Applications/railo-resin/lib/railo.jar"/><property name="release-date" value="{ts '2013-10-25 15:55:00'}"/><property name="versionnameexplanation" value="http://en.wikipedia.org/wiki/Endal_(Dog)"/><property name="versionname" value="Endal"/><property name="state" value="final"/><property name="auth_password" value=""/><property name="auth_type" value=""/><property name="auth_user" value=""/><property name="cert_cookie" value=""/><property name="cert_flags" value=""/><property name="cert_issuer" value=""/><property name="cert_keysize" value=""/><property name="cert_secretkeysize" value=""/><property name="cert_serialnumber" value=""/><property name="cert_server_issuer" value=""/><property name="cert_server_subject" value=""/><property name="cert_subject" value=""/><property name="cf_template_path" value="/Users/lmajano/Sites/cboxdev/core/cfcouchbase-sdk/test/index.cfm"/><property name="content_length" value=""/><property name="content_type" value=""/><property name="gateway_interface" value=""/><property name="http_accept" value="text/html, image/gif, image/jpeg, *; q=.2, */*; q=.2"/><property name="http_accept_encoding" value=""/><property name="http_accept_language" value=""/><property name="http_connection" value="keep-alive"/><property name="http_cookie" value=""/><property name="http_host" value="railocboxdev.jfetmac"/><property name="http_user_agent" value="Java/1.7.0_45"/><property name="http_referer" value=""/><property name="https" value=""/><property name="https_keysize" value=""/><property name="https_secretkeysize" value=""/><property name="https_server_issuer" value=""/><property name="https_server_subject" value=""/><property name="path_info" value=""/><property name="path_translated" value="/Users/lmajano/Sites/cboxdev/core/cfcouchbase-sdk/test/index.cfm"/><property name="query_string" value="&amp;directory=test.specs&amp;recurse=true&amp;reporter=ANTJunit&amp;labels=&amp;reportPath=/Users/lmajano/Sites/cboxdev/core/cfcouchbase-sdk/test/results"/><property name="remote_addr" value="127.0.0.1"/><property name="remote_host" value="127.0.0.1"/><property name="remote_user" value=""/><property name="request_method" value="GET"/><property name="request_url" value="http://railocboxdev.jfetmac/cfcouchbase-sdk/test/index.cfm?&amp;directory=test.specs&amp;recurse=true&amp;reporter=ANTJunit&amp;labels=&amp;reportPath=/Users/lmajano/Sites/cboxdev/core/cfcouchbase-sdk/test/results"/><property name="script_name" value="/cfcouchbase-sdk/test/index.cfm"/><property name="server_name" value="railocboxdev.jfetmac"/><property name="server_port" value="80"/><property name="server_port_secure" value="0"/><property name="server_protocol" value="HTTP/1.1"/><property name="server_software" value=""/><property name="web_server_api" value=""/><property name="context_path" value=""/><property name="local_addr" value="192.168.1.33"/><property name="local_host" value="jfetmac-pro-wireless"/></properties><testcase classname="test.specs.util.UtilityTest" name="SDK Utility can format servers correctly" time="0.01"/><testcase classname="test.specs.util.UtilityTest" name="SDK Utility can build java URIs" time="0.005"/></testsuite>